<?xml version="1.0" encoding="UTF-8"?>
<testng-results ignored="0" total="2" passed="2" failed="0" skipped="0">
  <reporter-output>
  </reporter-output>
  <suite started-at="2024-12-20T10:20:56 IST" name="Suite" finished-at="2024-12-20T10:21:03 IST" duration-ms="6892">
    <groups>
    </groups>
    <test started-at="2024-12-20T10:20:56 IST" name="Test" finished-at="2024-12-20T10:21:03 IST" duration-ms="6892">
      <class name="assingment.MavenExample">
        <test-method signature="project()[pri:0, instance:assingment.MavenExample@3911c2a7]" started-at="2024-12-20T10:20:56 IST" name="project" finished-at="2024-12-20T10:21:03 IST" duration-ms="6852" status="PASS">
          <reporter-output>
          </reporter-output>
        </test-method> <!-- project -->
      </class> <!-- assingment.MavenExample -->
    </test> <!-- Test -->
  </suite> <!-- Suite -->
  <suite started-at="2024-12-20T10:21:03 IST" name="Suite (0)" finished-at="2024-12-20T10:21:08 IST" duration-ms="5181">
    <groups>
    </groups>
    <test started-at="2024-12-20T10:21:03 IST" name="Test" finished-at="2024-12-20T10:21:08 IST" duration-ms="5181">
      <class name="testCase2.Instagram">
        <test-method signature="insta()[pri:0, instance:testCase2.Instagram@7b9a4292]" started-at="2024-12-20T10:21:03 IST" name="insta" finished-at="2024-12-20T10:21:08 IST" duration-ms="5176" status="PASS">
          <reporter-output>
          </reporter-output>
        </test-method> <!-- insta -->
      </class> <!-- testCase2.Instagram -->
    </test> <!-- Test -->
  </suite> <!-- Suite (0) -->
</testng-results>
